<?xml version="1.0" encoding="UTF-8"?>
<!-- Generated by org.testng.reporters.JUnitReportReporter -->
<testsuite hostname="HP" failures="0" tests="11" name="com.crm.qa.tests.HomeTest" time="2.002" errors="0" timestamp="12 Dec 2020 07:11:53 GMT">
  <testcase classname="com.crm.qa.tests.HomeTest" name="locationDropDown1" time="0.258"/>
  <testcase classname="com.crm.qa.tests.HomeTest" name="locationDropDown1" time="0.185"/>
  <testcase classname="com.crm.qa.tests.HomeTest" name="locationDropDown1" time="0.172"/>
  <testcase classname="com.crm.qa.tests.HomeTest" name="locationDropDown1" time="0.171"/>
  <testcase classname="com.crm.qa.tests.HomeTest" name="locationDropDown1" time="0.227"/>
  <testcase classname="com.crm.qa.tests.HomeTest" name="validateCheckOutDate" time="0.129"/>
  <testcase classname="com.crm.qa.tests.HomeTest" name="locationDropDown1" time="0.179"/>
  <testcase classname="com.crm.qa.tests.HomeTest" name="locationDropDown1" time="0.170"/>
  <testcase classname="com.crm.qa.tests.HomeTest" name="locationDropDown1" time="0.173"/>
  <testcase classname="com.crm.qa.tests.HomeTest" name="locationDropDown1" time="0.198"/>
  <testcase classname="com.crm.qa.tests.HomeTest" name="validateCheckInDate" time="0.140"/>
</testsuite> <!-- com.crm.qa.tests.HomeTest -->
